<?xml version="1.0" encoding="UTF-8"?>
<!-- Generated by org.testng.reporters.JUnitReportReporter -->
<testsuite hostname="shunny" failures="0" tests="2" name="testCases.TC_001_AccountRegistrationTest" time="2.638" errors="0" timestamp="2023-07-09T11:25:27 IST" skipped="0">
  <testcase classname="testCases.TC_001_AccountRegistrationTest" name="test_account_registration" time="1.250"/>
  <testcase classname="testCases.TC_001_AccountRegistrationTest" name="test_account_registration" time="1.388"/>
</testsuite> <!-- testCases.TC_001_AccountRegistrationTest -->
