<?xml version="1.0" encoding="UTF-8"?>
<!-- Generated by org.testng.reporters.JUnitReportReporter -->
<testsuite hostname="shunny" failures="0" tests="1" name="testCases.TC_001_AccountRegistrationTest" time="1.428" errors="0" timestamp="2023-07-09T15:08:06 IST" skipped="0">
  <testcase classname="testCases.TC_001_AccountRegistrationTest" name="test_account_registration" time="1.428"/>
</testsuite> <!-- testCases.TC_001_AccountRegistrationTest -->
